Connecting to database specified by database.yml
Compiled jquery.js  (25ms)  (pid 7464)
Compiled jquery_ujs.js  (2ms)  (pid 7464)
Compiled blogs.js  (3770ms)  (pid 7464)
Compiled chapters.js  (757ms)  (pid 7464)
Compiled mangas.js  (530ms)  (pid 7464)
Compiled pages.js  (631ms)  (pid 7464)
Compiled updates.js  (818ms)  (pid 7464)
Compiled application.js  (7262ms)  (pid 7464)
Compiled blogs.css  (155ms)  (pid 7464)
Compiled chapters.css  (15ms)  (pid 7464)
Compiled mangas.css  (64ms)  (pid 7464)
Compiled pages.css  (37ms)  (pid 7464)
Compiled scaffolds.css  (25ms)  (pid 7464)
Compiled updates.css  (42ms)  (pid 7464)
Compiled application.css  (590ms)  (pid 7464)
Connecting to database specified by database.yml
Compiled jquery.js  (84ms)  (pid 8876)
Compiled jquery_ujs.js  (2ms)  (pid 8876)
Compiled blogs.js  (1960ms)  (pid 8876)
Compiled chapters.js  (536ms)  (pid 8876)
Compiled mangas.js  (364ms)  (pid 8876)
Compiled pages.js  (474ms)  (pid 8876)
Compiled updates.js  (501ms)  (pid 8876)
Compiled application.js  (4136ms)  (pid 8876)
Compiled blogs.css  (109ms)  (pid 8876)
Compiled chapters.css  (14ms)  (pid 8876)
Compiled mangas.css  (21ms)  (pid 8876)
Compiled pages.css  (22ms)  (pid 8876)
Compiled scaffolds.css  (27ms)  (pid 8876)
Compiled updates.css  (20ms)  (pid 8876)
Compiled application.css  (507ms)  (pid 8876)
Connecting to database specified by database.yml
Compiled jquery.js  (14ms)  (pid 10512)
Compiled jquery_ujs.js  (5ms)  (pid 10512)
Compiled blogs.js  (2399ms)  (pid 10512)
Compiled chapters.js  (466ms)  (pid 10512)
Compiled links.js  (397ms)  (pid 10512)
Compiled mangas.js  (412ms)  (pid 10512)
Compiled pages.js  (494ms)  (pid 10512)
Compiled updates.js  (390ms)  (pid 10512)
Compiled application.js  (5117ms)  (pid 10512)
Compiled blogs.css  (243ms)  (pid 10512)
Compiled chapters.css  (13ms)  (pid 10512)
Compiled links.css  (20ms)  (pid 10512)
Compiled mangas.css  (18ms)  (pid 10512)
Compiled pages.css  (17ms)  (pid 10512)
Compiled scaffolds.css  (59ms)  (pid 10512)
Compiled updates.css  (13ms)  (pid 10512)
Compiled application.css  (795ms)  (pid 10512)
Connecting to database specified by database.yml
Compiled jquery.js  (69ms)  (pid 9876)
Compiled jquery_ujs.js  (2ms)  (pid 9876)
Compiled blogs.js  (612ms)  (pid 9876)
Compiled chapters.js  (700ms)  (pid 9876)
Compiled links.js  (406ms)  (pid 9876)
Compiled mangas.js  (384ms)  (pid 9876)
Compiled pages.js  (450ms)  (pid 9876)
Compiled updates.js  (618ms)  (pid 9876)
Compiled application.js  (3539ms)  (pid 9876)
Compiled blogs.css  (304ms)  (pid 9876)
Compiled chapters.css  (145ms)  (pid 9876)
Compiled links.css  (31ms)  (pid 9876)
Compiled mangas.css  (41ms)  (pid 9876)
Compiled pages.css  (105ms)  (pid 9876)
Compiled scaffolds.css  (129ms)  (pid 9876)
Compiled updates.css  (49ms)  (pid 9876)
Compiled application.css  (1846ms)  (pid 9876)
Connecting to database specified by database.yml
Compiled jquery.js  (12ms)  (pid 7364)
Compiled jquery_ujs.js  (41ms)  (pid 7364)
Compiled jquery-fileupload/vendor/jquery.ui.widget.js  (2ms)  (pid 7364)
Compiled jquery-fileupload/jquery.iframe-transport.js  (2ms)  (pid 7364)
Compiled jquery-fileupload/jquery.fileupload.js  (3ms)  (pid 7364)
Compiled jquery-fileupload/basic.js  (227ms)  (pid 7364)
Compiled blogs.js  (7029ms)  (pid 7364)
Compiled chapters.js  (0ms)  (pid 7364)
Compiled links.js  (357ms)  (pid 7364)
Compiled mangas.js  (1ms)  (pid 7364)
Compiled pages.js  (1ms)  (pid 7364)
Compiled updates.js  (383ms)  (pid 7364)
Compiled application.js  (8402ms)  (pid 7364)
Compiled blogs.css  (141ms)  (pid 7364)
Compiled chapters.css  (12ms)  (pid 7364)
Compiled links.css  (13ms)  (pid 7364)
Compiled mangas.css  (12ms)  (pid 7364)
Compiled pages.css  (16ms)  (pid 7364)
Compiled scaffolds.css  (32ms)  (pid 7364)
Compiled updates.css  (13ms)  (pid 7364)
Compiled application.css  (492ms)  (pid 7364)
Connecting to database specified by database.yml
Compiled jquery.js  (13ms)  (pid 7276)
Compiled jquery_ujs.js  (1ms)  (pid 7276)
Compiled jquery-fileupload/vendor/jquery.ui.widget.js  (2ms)  (pid 7276)
Compiled jquery-fileupload/jquery.iframe-transport.js  (1ms)  (pid 7276)
Compiled jquery-fileupload/jquery.fileupload.js  (3ms)  (pid 7276)
Compiled jquery-fileupload/basic.js  (125ms)  (pid 7276)
Compiled blogs.js  (773ms)  (pid 7276)
Compiled chapters.js  (0ms)  (pid 7276)
Compiled links.js  (375ms)  (pid 7276)
Compiled mangas.js  (0ms)  (pid 7276)
Compiled pages.js  (1ms)  (pid 7276)
Compiled updates.js  (362ms)  (pid 7276)
Compiled application.js  (1957ms)  (pid 7276)
Compiled blogs.css  (112ms)  (pid 7276)
Compiled chapters.css  (14ms)  (pid 7276)
Compiled links.css  (12ms)  (pid 7276)
Compiled mangas.css  (12ms)  (pid 7276)
Compiled pages.css  (11ms)  (pid 7276)
Compiled scaffolds.css  (22ms)  (pid 7276)
Compiled updates.css  (12ms)  (pid 7276)
Compiled application.css  (457ms)  (pid 7276)
Connecting to database specified by database.yml
Compiled jquery.js  (61ms)  (pid 13384)
Compiled jquery_ujs.js  (1ms)  (pid 13384)
Compiled jquery-fileupload/vendor/jquery.ui.widget.js  (1ms)  (pid 13384)
Compiled jquery-fileupload/jquery.iframe-transport.js  (2ms)  (pid 13384)
Compiled jquery-fileupload/jquery.fileupload.js  (3ms)  (pid 13384)
Compiled jquery-fileupload/basic.js  (200ms)  (pid 13384)
Compiled blogs.js  (5646ms)  (pid 13384)
Compiled chapters.js  (0ms)  (pid 13384)
Compiled errors.js  (377ms)  (pid 13384)
Compiled items.js  (1027ms)  (pid 13384)
Compiled links.js  (418ms)  (pid 13384)
Compiled mangas.js  (0ms)  (pid 13384)
Compiled pages.js  (0ms)  (pid 13384)
Compiled updates.js  (483ms)  (pid 13384)
Compiled application.js  (8666ms)  (pid 13384)
Compiled blogs.css  (171ms)  (pid 13384)
Compiled chapters.css  (15ms)  (pid 13384)
Compiled errors.css  (14ms)  (pid 13384)
Compiled items.css  (17ms)  (pid 13384)
Compiled links.css  (13ms)  (pid 13384)
Compiled mangas.css  (13ms)  (pid 13384)
Compiled pages.css  (14ms)  (pid 13384)
Compiled scaffolds.css  (23ms)  (pid 13384)
Compiled updates.css  (15ms)  (pid 13384)
Compiled application.css  (621ms)  (pid 13384)
Connecting to database specified by database.yml
Compiled jquery.js  (14ms)  (pid 11852)
Compiled jquery_ujs.js  (1ms)  (pid 11852)
Compiled jquery-fileupload/vendor/jquery.ui.widget.js  (2ms)  (pid 11852)
Compiled jquery-fileupload/jquery.iframe-transport.js  (1ms)  (pid 11852)
Compiled jquery-fileupload/jquery.fileupload.js  (3ms)  (pid 11852)
Compiled jquery-fileupload/basic.js  (91ms)  (pid 11852)
Compiled blogs.js  (565ms)  (pid 11852)
Compiled chapters.js  (0ms)  (pid 11852)
Compiled errors.js  (420ms)  (pid 11852)
Compiled items.js  (442ms)  (pid 11852)
Compiled links.js  (965ms)  (pid 11852)
Compiled mangas.js  (1ms)  (pid 11852)
Compiled pages.js  (0ms)  (pid 11852)
Compiled updates.js  (542ms)  (pid 11852)
Compiled application.js  (3558ms)  (pid 11852)
Compiled blogs.css  (218ms)  (pid 11852)
Compiled chapters.css  (15ms)  (pid 11852)
Compiled errors.css  (15ms)  (pid 11852)
Compiled items.css  (27ms)  (pid 11852)
Compiled links.css  (18ms)  (pid 11852)
Compiled mangas.css  (16ms)  (pid 11852)
Compiled pages.css  (14ms)  (pid 11852)
Compiled scaffolds.css  (37ms)  (pid 11852)
Compiled updates.css  (82ms)  (pid 11852)
Compiled application.css  (735ms)  (pid 11852)
